[0mGET /product [36m304[0m 25.303 ms - -[0m
[0mGET /css/bootstrap.min.css [36m304[0m 1.685 ms - -[0m
[0mGET /js/bootstrap.min.js [36m304[0m 0.713 ms - -[0m
[0mGET /css/styles.css [36m304[0m 0.448 ms - -[0m
[0mGET /fonts/glyphicons-halflings-regular.woff [33m404[0m 1.784 ms - 178[0m
[0mGET /fonts/glyphicons-halflings-regular.ttf [33m404[0m 1.029 ms - 177[0m
[0mGET /fonts/glyphicons-halflings-regular.svg [33m404[0m 1.407 ms - 177[0m
[0mGET /product [36m304[0m 6.930 ms - -[0m
[0mGET /css/bootstrap.min.css [36m304[0m 2.369 ms - -[0m
[0mGET /css/styles.css [36m304[0m 2.950 ms - -[0m
[0mGET /js/bootstrap.min.js [36m304[0m 1.899 ms - -[0m
[0mGET /fonts/glyphicons-halflings-regular.woff [33m404[0m 1.835 ms - 178[0m
[0mGET /fonts/glyphicons-halflings-regular.ttf [33m404[0m 1.357 ms - 177[0m
[0mGET /fonts/glyphicons-halflings-regular.svg [33m404[0m 1.432 ms - 177[0m
[0mGET /category [36m304[0m 5.277 ms - -[0m
[0mGET /js/bootstrap.min.js [36m304[0m 2.888 ms - -[0m
[0mGET /css/styles.css [36m304[0m 3.430 ms - -[0m
[0mGET /css/bootstrap.min.css [36m304[0m 3.521 ms - -[0m
[0mGET /fonts/glyphicons-halflings-regular.woff [33m404[0m 1.359 ms - 178[0m
[0mGET /fonts/glyphicons-halflings-regular.ttf [33m404[0m 1.324 ms - 177[0m
[0mGET /fonts/glyphicons-halflings-regular.svg [33m404[0m 1.551 ms - 177[0m
[0mGET / [36m304[0m 5.952 ms - -[0m
[0mGET /css/styles.css [36m304[0m 2.166 ms - -[0m
[0mGET /css/bootstrap.min.css [36m304[0m 2.697 ms - -[0m
[0mGET /js/bootstrap.min.js [36m304[0m 3.110 ms - -[0m
[0mGET /fonts/glyphicons-halflings-regular.woff [33m404[0m 1.719 ms - 178[0m
[0mGET /fonts/glyphicons-halflings-regular.ttf [33m404[0m 1.497 ms - 177[0m
[0mGET /fonts/glyphicons-halflings-regular.svg [33m404[0m 1.129 ms - 177[0m
[0mGET /product [36m304[0m 5.754 ms - -[0m
[0mGET /js/bootstrap.min.js [36m304[0m 1.799 ms - -[0m
[0mGET /css/bootstrap.min.css [36m304[0m 2.166 ms - -[0m
[0mGET /css/styles.css [36m304[0m 2.385 ms - -[0m
[0mGET /fonts/glyphicons-halflings-regular.woff [33m404[0m 1.544 ms - 178[0m
[0mGET /fonts/glyphicons-halflings-regular.ttf [33m404[0m 1.158 ms - 177[0m
[0mGET /fonts/glyphicons-halflings-regular.svg [33m404[0m 1.117 ms - 177[0m
[0mGET /product [36m304[0m 5.090 ms - -[0m
[0mGET /js/bootstrap.min.js [36m304[0m 1.455 ms - -[0m
[0mGET /css/styles.css [36m304[0m 1.647 ms - -[0m
[0mGET /css/bootstrap.min.css [36m304[0m 1.886 ms - -[0m
[0mGET /fonts/glyphicons-halflings-regular.woff [33m404[0m 1.007 ms - 178[0m
[0mGET /fonts/glyphicons-halflings-regular.ttf [33m404[0m 1.370 ms - 177[0m
[0mGET /fonts/glyphicons-halflings-regular.svg [33m404[0m 1.168 ms - 177[0m
